<?xml version="1.0" encoding="UTF-8"?>
<testng-results skipped="0" failed="0" ignored="0" total="1" passed="1">
  <reporter-output>
  </reporter-output>
  <suite name="Suite" duration-ms="90" started-at="2022-08-17T19:59:25 IST" finished-at="2022-08-17T19:59:25 IST">
    <groups>
    </groups>
    <test name="Test" duration-ms="90" started-at="2022-08-17T19:59:25 IST" finished-at="2022-08-17T19:59:25 IST">
      <class name="com.qa.tests1.TestClass2">
        <test-method status="PASS" signature="test2()[pri:0, instance:com.qa.tests1.TestClass2@3a5ed7a6]" name="test2" duration-ms="14" started-at="2022-08-17T19:59:25 IST" finished-at="2022-08-17T19:59:25 IST">
          <reporter-output>
          </reporter-output>
        </test-method> <!-- test2 -->
      </class> <!-- com.qa.tests1.TestClass2 -->
    </test> <!-- Test -->
  </suite> <!-- Suite -->
</testng-results>
