<?xml version="1.0" encoding="UTF-8"?>
<testng-results ignored="0" total="1" passed="1" failed="0" skipped="0">
  <reporter-output>
  </reporter-output>
  <suite started-at="2022-08-17T19:23:42 IST" name="Suite" finished-at="2022-08-17T19:23:42 IST" duration-ms="64">
    <groups>
    </groups>
    <test started-at="2022-08-17T19:23:42 IST" name="Test" finished-at="2022-08-17T19:23:42 IST" duration-ms="64">
      <class name="com.qa.tests.TestClass1">
        <test-method signature="test1()[pri:0, instance:com.qa.tests.TestClass1@67c33749]" started-at="2022-08-17T19:23:42 IST" name="test1" finished-at="2022-08-17T19:23:42 IST" duration-ms="14" status="PASS">
          <reporter-output>
          </reporter-output>
        </test-method> <!-- test1 -->
      </class> <!-- com.qa.tests.TestClass1 -->
    </test> <!-- Test -->
  </suite> <!-- Suite -->
</testng-results>
